/*C34*/SET SCHEMA PUBLIC
DISCONNECT
/*C35*/SET SCHEMA PUBLIC
DISCONNECT
/*C36*/SET SCHEMA PUBLIC
DISCONNECT
/*C37*/SET SCHEMA PUBLIC
DISCONNECT
/*C38*/SET SCHEMA PUBLIC
DISCONNECT
/*C39*/SET SCHEMA PUBLIC
DISCONNECT
/*C40*/SET SCHEMA PUBLIC
DISCONNECT
/*C41*/SET SCHEMA PUBLIC
DISCONNECT
/*C42*/SET SCHEMA PUBLIC
DISCONNECT
/*C43*/SET SCHEMA PUBLIC
INSERT INTO FIL VALUES(2,'dcdsv',0,0,'admin')
COMMIT
/*C44*/SET SCHEMA PUBLIC
DELETE FROM UTILISATEURS WHERE IDUSER=1
INSERT INTO UTILISATEURS VALUES(1,'admin','042ad6c6d2f1b495bba5f8061b51f3c16755b0c793bc3d0c982e38840b8c910b',3,'Wed Oct 2 13:19:58 CEST 2018','fichiers/admin.png',3,'FiSMVsFg5nqXjbKsj2bM')
COMMIT
DISCONNECT
/*C43*/INSERT INTO MESSAGES VALUES(2,'admin','vf',2,'Tue Dec 25 22:22:24 CET 2018')
COMMIT
DISCONNECT
/*C45*/SET SCHEMA PUBLIC
DISCONNECT
/*C46*/SET SCHEMA PUBLIC
DISCONNECT
/*C47*/SET SCHEMA PUBLIC
DELETE FROM FIL WHERE IDFIL=2
INSERT INTO FIL VALUES(2,'dcdsv',0,1,'admin')
COMMIT
DISCONNECT
/*C49*/SET SCHEMA PUBLIC
DELETE FROM UTILISATEURS WHERE IDUSER=1
INSERT INTO UTILISATEURS VALUES(1,'admin','042ad6c6d2f1b495bba5f8061b51f3c16755b0c793bc3d0c982e38840b8c910b',4,'Wed Oct 2 13:19:58 CEST 2018','fichiers/admin.png',3,'FiSMVsFg5nqXjbKsj2bM')
COMMIT
DISCONNECT
/*C48*/SET SCHEMA PUBLIC
INSERT INTO MESSAGES VALUES(3,'admin','svs',2,'Tue Dec 25 22:22:31 CET 2018')
COMMIT
DISCONNECT
/*C50*/SET SCHEMA PUBLIC
DELETE FROM FIL WHERE IDFIL=2
INSERT INTO FIL VALUES(2,'dcdsv',1,1,'admin')
COMMIT
DISCONNECT
/*C51*/SET SCHEMA PUBLIC
DISCONNECT
/*C52*/SET SCHEMA PUBLIC
DELETE FROM FIL WHERE IDFIL=2
INSERT INTO FIL VALUES(2,'dcdsv',1,2,'admin')
COMMIT
DISCONNECT
/*C53*/SET SCHEMA PUBLIC
DISCONNECT
